--- Started processing on 2022-07-28 15:25:25 ---
StackId: arn:aws:cloudformation:us-east-1:406011879295:stack/Ansible/20d54050-0e81-11ed-9391-0a0cabf274fb
--- Finished processing on 2022-07-28 15:25:28 --- 
 
--- Started processing on 2022-07-28 15:39:27 ---
StackId: arn:aws:cloudformation:us-east-1:406011879295:stack/AnsibleServer/16690780-0e83-11ed-8c49-0aeeac31847b
--- Finished processing on 2022-07-28 15:39:29 --- 
 
--- Started processing on 2022-07-28 16:03:36 ---
--- Started processing on 2022-07-28 16:03:58 ---
--- Started processing on 2022-07-28 16:07:54 ---
--- Started processing on 2022-07-28 16:08:57 ---
--- Started processing on 2022-07-28 16:13:42 ---
--- Started processing on 2022-07-28 16:17:09 ---
--- Started processing on 2022-07-28 16:23:10 ---
--- Finished processing on 2022-07-28 16:23:12 --- 
 
--- Started processing on 2022-07-28 16:28:06 ---
--- Finished processing on 2022-07-28 16:28:08 --- 
 
--- Started processing on 2022-07-28 16:29:27 ---
--- Finished processing on 2022-07-28 16:29:28 --- 
 
--- Started processing on 2022-07-28 16:29:45 ---
StackId: arn:aws:cloudformation:us-east-1:406011879295:stack/AnsibleServer2/31b4bbf0-0e89-11ed-af1e-1200d910d8e5
--- Finished processing on 2022-07-28 16:29:47 --- 
 
--- Started processing on 2022-07-28 16:33:35 ---
--- Finished processing on 2022-07-28 16:33:37 --- 
 
--- Started processing on 2022-07-28 16:33:53 ---
--- Started processing on 2022-07-28 16:34:06 ---
--- Started processing on 2022-07-28 16:37:55 ---
--- Started processing on 2022-07-28 16:39:57 ---
StackId: arn:aws:cloudformation:us-east-1:406011879295:stack/AnsibleServer/89f71db0-0e8b-11ed-828a-0e0d88879fab
--- Finished processing on 2022-07-28 16:39:59 --- 
 
--- Started processing on 2022-07-29 16:22:44 ---
StackId: arn:aws:cloudformation:us-east-1:406011879295:stack/AnsibleServer/4d7e6f60-0f52-11ed-8393-0e0eebec6833
--- Finished processing on 2022-07-29 16:22:48 --- 
 
--- Started processing on 2022-07-29 16:31:34 ---
--- Started processing on 2022-07-31 13:48:14 ---
StackId: arn:aws:cloudformation:us-east-1:406011879295:stack/AnsibleServer/0e1eaf00-10cf-11ed-8b15-0e3ee43879e1
--- Finished processing on 2022-07-31 13:48:20 --- \n 
