--- Finished processing on 2022-07-28 16:03:38 --- 
 
--- Finished processing on 2022-07-28 16:04:01 --- 
 
--- Finished processing on 2022-07-28 16:07:56 --- 
 
--- Finished processing on 2022-07-28 16:08:59 --- 
 
--- Finished processing on 2022-07-28 16:13:44 --- 
 
--- Finished processing on 2022-07-28 16:17:11 --- 
 
--- Finished processing on 2022-07-28 16:33:55 --- 
 
--- Finished processing on 2022-07-28 16:34:08 --- 
 
--- Finished processing on 2022-07-28 16:37:58 --- 
 
--- Started processing on 2022-07-29 16:23:20 ---
Stacks:
- Capabilities:
  - CAPABILITY_IAM
  - CAPABILITY_NAMED_IAM
  CreationTime: '2022-07-29T15:22:48.085000+00:00'
  Description: 'Ekene Ezeasor @ 4th July 2022 / ALX-Udacity This scrpt deploys a server
    with all the neccessary features

    '
  DisableRollback: false
  DriftInformation:
    StackDriftStatus: NOT_CHECKED
  NotificationARNs: []
  Parameters:
  - ParameterKey: KeyPairName
    ParameterValue: ansible
  - ParameterKey: EnvironmentType
    ParameterValue: dev
  - ParameterKey: ImageId
    ParameterValue: ami-0729e439b6769d6ab
  - ParameterKey: AvailabilityZone
    ParameterValue: us-east-1a
  RollbackConfiguration: {}
  StackId: arn:aws:cloudformation:us-east-1:406011879295:stack/AnsibleServer/4d7e6f60-0f52-11ed-8393-0e0eebec6833
  StackName: AnsibleServer
  StackStatus: CREATE_IN_PROGRESS
  Tags: []
--- Finished processing on 2022-07-29 16:23:22 --- 
 
--- Started processing on 2022-07-29 16:25:16 ---
Stacks:
- Capabilities:
  - CAPABILITY_IAM
  - CAPABILITY_NAMED_IAM
  CreationTime: '2022-07-29T15:22:48.085000+00:00'
  Description: 'Ekene Ezeasor @ 4th July 2022 / ALX-Udacity This scrpt deploys a server
    with all the neccessary features

    '
  DisableRollback: false
  DriftInformation:
    StackDriftStatus: NOT_CHECKED
  NotificationARNs: []
  Outputs:
  - Description: WebApp URL
    OutputKey: WebsiteURL
    OutputValue: http://18.211.207.6
  Parameters:
  - ParameterKey: KeyPairName
    ParameterValue: ansible
  - ParameterKey: EnvironmentType
    ParameterValue: dev
  - ParameterKey: ImageId
    ParameterValue: ami-0729e439b6769d6ab
  - ParameterKey: AvailabilityZone
    ParameterValue: us-east-1a
  RollbackConfiguration: {}
  StackId: arn:aws:cloudformation:us-east-1:406011879295:stack/AnsibleServer/4d7e6f60-0f52-11ed-8393-0e0eebec6833
  StackName: AnsibleServer
  StackStatus: CREATE_COMPLETE
  Tags: []
--- Finished processing on 2022-07-29 16:25:18 --- 
 
--- Finished processing on 2022-07-29 16:33:36 --- 
 
--- Started processing on 2022-07-31 13:52:22 ---
Stacks:
- Capabilities:
  - CAPABILITY_IAM
  - CAPABILITY_NAMED_IAM
  CreationTime: '2022-07-31T12:48:20.061000+00:00'
  Description: 'Ekene Ezeasor @ 4th July 2022 / ALX-Udacity This scrpt deploys a server
    with all the neccessary features

    '
  DisableRollback: false
  DriftInformation:
    StackDriftStatus: NOT_CHECKED
  NotificationARNs: []
  Outputs:
  - Description: WebApp URL
    OutputKey: WebsiteURL
    OutputValue: http://54.158.43.42
  Parameters:
  - ParameterKey: KeyPairName
    ParameterValue: ansible
  - ParameterKey: EnvironmentType
    ParameterValue: dev
  - ParameterKey: ImageId
    ParameterValue: ami-0729e439b6769d6ab
  - ParameterKey: AvailabilityZone
    ParameterValue: us-east-1a
  RollbackConfiguration: {}
  StackId: arn:aws:cloudformation:us-east-1:406011879295:stack/AnsibleServer/0e1eaf00-10cf-11ed-8b15-0e3ee43879e1
  StackName: AnsibleServer
  StackStatus: CREATE_COMPLETE
  Tags: []
--- Finished processing on 2022-07-31 13:52:24 --- 
 
--- Started processing on 2022-07-31 14:02:43 ---
Stacks:
- Capabilities:
  - CAPABILITY_IAM
  - CAPABILITY_NAMED_IAM
  CreationTime: '2022-07-31T12:48:20.061000+00:00'
  Description: 'Ekene Ezeasor @ 4th July 2022 / ALX-Udacity This scrpt deploys a server
    with all the neccessary features

    '
  DisableRollback: false
  DriftInformation:
    StackDriftStatus: NOT_CHECKED
  NotificationARNs: []
  Outputs:
  - Description: WebApp URL
    OutputKey: WebsiteURL
    OutputValue: http://54.158.43.42
  Parameters:
  - ParameterKey: KeyPairName
    ParameterValue: ansible
  - ParameterKey: EnvironmentType
    ParameterValue: dev
  - ParameterKey: ImageId
    ParameterValue: ami-0729e439b6769d6ab
  - ParameterKey: AvailabilityZone
    ParameterValue: us-east-1a
  RollbackConfiguration: {}
  StackId: arn:aws:cloudformation:us-east-1:406011879295:stack/AnsibleServer/0e1eaf00-10cf-11ed-8b15-0e3ee43879e1
  StackName: AnsibleServer
  StackStatus: CREATE_COMPLETE
  Tags: []
--- Finished processing on 2022-07-31 14:02:45 --- \n 
--- Started processing on 2022-07-31 22:51:51 ---
Stacks: []
--- Finished processing on 2022-07-31 22:52:00 --- \n 
