--- Started processing on 2022-07-28 15:05:17 ---
{
    "Stacks": [
        {
            "StackId": "arn:aws:cloudformation:us-east-1:300338704787:stack/Ansible/e7308150-0e7d-11ed-97f6-0ae5d7e6cb5b",
            "StackName": "Ansible",
            "Description": "Ekene Ezeasor @ 4th July 2022 / ALX-Udacity This template deploys a VPC, with a pair of public and private subnets spread  across two Availabilty Zones. It deploys an Internet Gateway, with a default  route on the public subnets. It deploys a pair of NAT Gateways (one in each AZ),  and default routes for them in the private subnets.\n",
            "Parameters": [
                {
                    "ParameterKey": "PublicSubnetCIDR",
                    "ParameterValue": "10.0.0.0/24"
                },
                {
                    "ParameterKey": "VpcCIDR",
                    "ParameterValue": "10.0.0.0/16"
                },
                {
                    "ParameterKey": "EnvironmentName",
                    "ParameterValue": "AnsibleProject"
                }
            ],
            "CreationTime": "2022-07-28T14:03:47.338000+00:00",
            "RollbackConfiguration": {},
            "StackStatus": "CREATE_IN_PROGRESS",
            "DisableRollback": false,
            "NotificationARNs": [],
            "Capabilities": [
                "CAPABILITY_IAM",
                "CAPABILITY_NAMED_IAM"
            ],
            "Tags": [],
            "DriftInformation": {
                "StackDriftStatus": "NOT_CHECKED"
            }
        }
    ]
}
--- Finished processing on 2022-07-28 15:05:20 --- 
 
--- Started processing on 2022-07-28 15:07:10 ---
{
    "Stacks": [
        {
            "StackId": "arn:aws:cloudformation:us-east-1:300338704787:stack/Ansible/e7308150-0e7d-11ed-97f6-0ae5d7e6cb5b",
            "StackName": "Ansible",
            "Description": "Ekene Ezeasor @ 4th July 2022 / ALX-Udacity This template deploys a VPC, with a pair of public and private subnets spread  across two Availabilty Zones. It deploys an Internet Gateway, with a default  route on the public subnets. It deploys a pair of NAT Gateways (one in each AZ),  and default routes for them in the private subnets.\n",
            "Parameters": [
                {
                    "ParameterKey": "PublicSubnetCIDR",
                    "ParameterValue": "10.0.0.0/24"
                },
                {
                    "ParameterKey": "VpcCIDR",
                    "ParameterValue": "10.0.0.0/16"
                },
                {
                    "ParameterKey": "EnvironmentName",
                    "ParameterValue": "AnsibleProject"
                }
            ],
            "CreationTime": "2022-07-28T14:03:47.338000+00:00",
            "RollbackConfiguration": {},
            "StackStatus": "CREATE_COMPLETE",
            "DisableRollback": false,
            "NotificationARNs": [],
            "Capabilities": [
                "CAPABILITY_IAM",
                "CAPABILITY_NAMED_IAM"
            ],
            "Outputs": [
                {
                    "OutputKey": "VPCPublicRouteTable",
                    "OutputValue": "rtb-0abe5c3526ee5befd",
                    "Description": "Public Routing",
                    "ExportName": "AnsibleProject-PUB-RT"
                },
                {
                    "OutputKey": "VPC",
                    "OutputValue": "vpc-09ba3dcb2afd74d79",
                    "Description": "A reference to the created VPC",
                    "ExportName": "AnsibleProject-VPCID"
                },
                {
                    "OutputKey": "PublicSubnet",
                    "OutputValue": "subnet-04f550ba565a5fdf4",
                    "Description": "A reference to the public subnet in the 1st Availability Zone",
                    "ExportName": "AnsibleProject-PUB-SN"
                }
            ],
            "Tags": [],
            "DriftInformation": {
                "StackDriftStatus": "NOT_CHECKED"
            }
        }
    ]
}
--- Finished processing on 2022-07-28 15:07:13 --- 
 
--- Started processing on 2022-07-28 15:07:29 ---
{
    "Stacks": [
        {
            "StackId": "arn:aws:cloudformation:us-east-1:300338704787:stack/Ansible/e7308150-0e7d-11ed-97f6-0ae5d7e6cb5b",
            "StackName": "Ansible",
            "Description": "Ekene Ezeasor @ 4th July 2022 / ALX-Udacity This template deploys a VPC, with a pair of public and private subnets spread  across two Availabilty Zones. It deploys an Internet Gateway, with a default  route on the public subnets. It deploys a pair of NAT Gateways (one in each AZ),  and default routes for them in the private subnets.\n",
            "Parameters": [
                {
                    "ParameterKey": "PublicSubnetCIDR",
                    "ParameterValue": "10.0.0.0/24"
                },
                {
                    "ParameterKey": "VpcCIDR",
                    "ParameterValue": "10.0.0.0/16"
                },
                {
                    "ParameterKey": "EnvironmentName",
                    "ParameterValue": "AnsibleProject"
                }
            ],
            "CreationTime": "2022-07-28T14:03:47.338000+00:00",
            "RollbackConfiguration": {},
            "StackStatus": "CREATE_COMPLETE",
            "DisableRollback": false,
            "NotificationARNs": [],
            "Capabilities": [
                "CAPABILITY_IAM",
                "CAPABILITY_NAMED_IAM"
            ],
            "Outputs": [
                {
                    "OutputKey": "VPCPublicRouteTable",
                    "OutputValue": "rtb-0abe5c3526ee5befd",
                    "Description": "Public Routing",
                    "ExportName": "AnsibleProject-PUB-RT"
                },
                {
                    "OutputKey": "VPC",
                    "OutputValue": "vpc-09ba3dcb2afd74d79",
                    "Description": "A reference to the created VPC",
                    "ExportName": "AnsibleProject-VPCID"
                },
                {
                    "OutputKey": "PublicSubnet",
                    "OutputValue": "subnet-04f550ba565a5fdf4",
                    "Description": "A reference to the public subnet in the 1st Availability Zone",
                    "ExportName": "AnsibleProject-PUB-SN"
                }
            ],
            "Tags": [],
            "DriftInformation": {
                "StackDriftStatus": "NOT_CHECKED"
            }
        }
    ]
}
--- Finished processing on 2022-07-28 15:07:31 --- 
 
--- Started processing on 2022-07-28 15:08:10 ---
{
    "Stacks": [
        {
            "StackId": "arn:aws:cloudformation:us-east-1:300338704787:stack/Ansible/e7308150-0e7d-11ed-97f6-0ae5d7e6cb5b",
            "StackName": "Ansible",
            "Description": "Ekene Ezeasor @ 4th July 2022 / ALX-Udacity This template deploys a VPC, with a pair of public and private subnets spread  across two Availabilty Zones. It deploys an Internet Gateway, with a default  route on the public subnets. It deploys a pair of NAT Gateways (one in each AZ),  and default routes for them in the private subnets.\n",
            "Parameters": [
                {
                    "ParameterKey": "PublicSubnetCIDR",
                    "ParameterValue": "10.0.0.0/24"
                },
                {
                    "ParameterKey": "VpcCIDR",
                    "ParameterValue": "10.0.0.0/16"
                },
                {
                    "ParameterKey": "EnvironmentName",
                    "ParameterValue": "AnsibleProject"
                }
            ],
            "CreationTime": "2022-07-28T14:03:47.338000+00:00",
            "DeletionTime": "2022-07-28T14:08:05.394000+00:00",
            "RollbackConfiguration": {},
            "StackStatus": "DELETE_IN_PROGRESS",
            "DisableRollback": false,
            "NotificationARNs": [],
            "Capabilities": [
                "CAPABILITY_IAM",
                "CAPABILITY_NAMED_IAM"
            ],
            "Outputs": [
                {
                    "OutputKey": "VPCPublicRouteTable",
                    "OutputValue": "rtb-0abe5c3526ee5befd",
                    "Description": "Public Routing",
                    "ExportName": "AnsibleProject-PUB-RT"
                },
                {
                    "OutputKey": "VPC",
                    "OutputValue": "vpc-09ba3dcb2afd74d79",
                    "Description": "A reference to the created VPC",
                    "ExportName": "AnsibleProject-VPCID"
                },
                {
                    "OutputKey": "PublicSubnet",
                    "OutputValue": "subnet-04f550ba565a5fdf4",
                    "Description": "A reference to the public subnet in the 1st Availability Zone",
                    "ExportName": "AnsibleProject-PUB-SN"
                }
            ],
            "Tags": [],
            "DriftInformation": {
                "StackDriftStatus": "NOT_CHECKED"
            }
        }
    ]
}
--- Finished processing on 2022-07-28 15:08:13 --- 
 
